<?xml version="1.0" encoding="UTF-8"?>
<!-- Generated by org.testng.reporters.JUnitXMLReporter -->
<testsuite ignored="1" hostname="LatituteE7340" failures="0" tests="1" name="Default test" time="5.245" errors="0" timestamp="2022-01-07T23:12:38 IST">
  <testcase classname="restassured_BDD.GET_Request" name="GetUserDepartmentId" time="5.186"/>
  <testcase classname="restassured_BDD.GET_Request" name="GetRequest" time="0.0">
    <ignored/>
  </testcase> <!-- GetRequest -->
</testsuite> <!-- Default test -->
