<?xml version="1.0" encoding="UTF-8"?>
<testng-results ignored="1" total="2" passed="1" failed="0" skipped="0">
  <reporter-output>
  </reporter-output>
  <suite started-at="2022-01-07T23:12:33 IST" name="Default suite" finished-at="2022-01-07T23:12:38 IST" duration-ms="5245">
    <groups>
    </groups>
    <test started-at="2022-01-07T23:12:33 IST" name="Default test" finished-at="2022-01-07T23:12:38 IST" duration-ms="5245">
      <class name="restassured_BDD.GET_Request">
        <test-method signature="GetUserDepartmentId()[pri:0, instance:restassured_BDD.GET_Request@1f97cf0d]" started-at="2022-01-07T23:12:33 IST" name="GetUserDepartmentId" finished-at="2022-01-07T23:12:38 IST" duration-ms="5186" status="PASS">
          <reporter-output>
          </reporter-output>
        </test-method> <!-- GetUserDepartmentId -->
      </class> <!-- restassured_BDD.GET_Request -->
    </test> <!-- Default test -->
  </suite> <!-- Default suite -->
</testng-results>
